# JRE version: OpenJDK Runtime Environment (8.0_152-b01) (build 1.8.0_152-release-915-b01)
# Java VM: OpenJDK 64-Bit Server VM (25.152-b01 mixed mode windows-amd64 compressed oops)
Heap:
 PSYoungGen      total 269312K, used 128314K [0x00000000e0000000, 0x00000000f5000000, 0x0000000100000000)
  eden space 242688K, 42% used [0x00000000e0000000,0x00000000e63a7328,0x00000000eed00000)
  from space 26624K, 98% used [0x00000000f1f00000,0x00000000f38a75d0,0x00000000f3900000)
  to   space 23552K, 0% used [0x00000000f3900000,0x00000000f3900000,0x00000000f5000000)
 ParOldGen       total 104448K, used 59838K [0x00000000a0000000, 0x00000000a6600000, 0x00000000e0000000)
  object space 104448K, 57% used [0x00000000a0000000,0x00000000a3a6fa10,0x00000000a6600000)
 Metaspace       used 86374K, capacity 91782K, committed 91864K, reserved 1128448K
  class space    used 11060K, capacity 12286K, committed 12288K, reserved 1048576K
GC Heap History (10 events):
Event: 1410.411 GC heap before
{Heap before GC invocations=20 (full 3):
 PSYoungGen      total 248832K, used 237339K [0x00000000e0000000, 0x00000000f0d80000, 0x0000000100000000)
  eden space 224256K, 99% used [0x00000000e0000000,0x00000000edaf7bb8,0x00000000edb00000)
  from space 24576K, 53% used [0x00000000ef280000,0x00000000eff4f070,0x00000000f0a80000)
  to   space 24064K, 0% used [0x00000000edb00000,0x00000000edb00000,0x00000000ef280000)
 ParOldGen       total 104448K, used 47402K [0x00000000a0000000, 0x00000000a6600000, 0x00000000e0000000)
  object space 104448K, 45% used [0x00000000a0000000,0x00000000a2e4a880,0x00000000a6600000)
 Metaspace       used 73111K, capacity 76310K, committed 76632K, reserved 1116160K
  class space    used 9486K, capacity 10288K, committed 10368K, reserved 1048576K
Event: 1411.030 GC heap after
Heap after GC invocations=20 (full 3):
 PSYoungGen      total 248320K, used 22335K [0x00000000e0000000, 0x00000000f3b80000, 0x0000000100000000)
  eden space 224256K, 0% used [0x00000000e0000000,0x00000000e0000000,0x00000000edb00000)
  from space 24064K, 92% used [0x00000000edb00000,0x00000000ef0cfc18,0x00000000ef280000)
  to   space 26624K, 0% used [0x00000000f2180000,0x00000000f2180000,0x00000000f3b80000)
 ParOldGen       total 104448K, used 47410K [0x00000000a0000000, 0x00000000a6600000, 0x00000000e0000000)
  object space 104448K, 45% used [0x00000000a0000000,0x00000000a2e4c880,0x00000000a6600000)
 Metaspace       used 73111K, capacity 76310K, committed 76632K, reserved 1116160K
  class space    used 9486K, capacity 10288K, committed 10368K, reserved 1048576K
}
Event: 1496.718 GC heap before
{Heap before GC invocations=21 (full 3):
 PSYoungGen      total 248320K, used 246591K [0x00000000e0000000, 0x00000000f3b80000, 0x0000000100000000)
  eden space 224256K, 100% used [0x00000000e0000000,0x00000000edb00000,0x00000000edb00000)
  from space 24064K, 92% used [0x00000000edb00000,0x00000000ef0cfc18,0x00000000ef280000)
  to   space 26624K, 0% used [0x00000000f2180000,0x00000000f2180000,0x00000000f3b80000)
 ParOldGen       total 104448K, used 47410K [0x00000000a0000000, 0x00000000a6600000, 0x00000000e0000000)
  object space 104448K, 45% used [0x00000000a0000000,0x00000000a2e4c880,0x00000000a6600000)
 Metaspace       used 78064K, capacity 82052K, committed 82392K, reserved 1120256K
  class space    used 10215K, capacity 11142K, committed 11264K, reserved 1048576K
Event: 1496.997 GC heap after
Heap after GC invocations=21 (full 3):
 PSYoungGen      total 290304K, used 26593K [0x00000000e0000000, 0x00000000f4280000, 0x0000000100000000)
  eden space 263680K, 0% used [0x00000000e0000000,0x00000000e0000000,0x00000000f0180000)
  from space 26624K, 99% used [0x00000000f2180000,0x00000000f3b78428,0x00000000f3b80000)
  to   space 32768K, 0% used [0x00000000f0180000,0x00000000f0180000,0x00000000f2180000)
 ParOldGen       total 104448K, used 53466K [0x00000000a0000000, 0x00000000a6600000, 0x00000000e0000000)
  object space 104448K, 51% used [0x00000000a0000000,0x00000000a3436b98,0x00000000a6600000)
 Metaspace       used 78064K, capacity 82052K, committed 82392K, reserved 1120256K
  class space    used 10215K, capacity 11142K, committed 11264K, reserved 1048576K
}
Event: 1572.340 GC heap before
{Heap before GC invocations=22 (full 3):
 PSYoungGen      total 290304K, used 290273K [0x00000000e0000000, 0x00000000f4280000, 0x0000000100000000)
  eden space 263680K, 100% used [0x00000000e0000000,0x00000000f0180000,0x00000000f0180000)
  from space 26624K, 99% used [0x00000000f2180000,0x00000000f3b78428,0x00000000f3b80000)
  to   space 32768K, 0% used [0x00000000f0180000,0x00000000f0180000,0x00000000f2180000)
 ParOldGen       total 104448K, used 53466K [0x00000000a0000000, 0x00000000a6600000, 0x00000000e0000000)
  object space 104448K, 51% used [0x00000000a0000000,0x00000000a3436b98,0x00000000a6600000)
 Metaspace       used 82963K, capacity 87418K, committed 87512K, reserved 1124352K
  class space    used 10673K, capacity 11697K, committed 11776K, reserved 1048576K
Event: 1572.600 GC heap after
Heap after GC invocations=22 (full 3):
 PSYoungGen      total 296448K, used 31444K [0x00000000e0000000, 0x00000000f7400000, 0x0000000100000000)
  eden space 263680K, 0% used [0x00000000e0000000,0x00000000e0000000,0x00000000f0180000)
  from space 32768K, 95% used [0x00000000f0180000,0x00000000f2035030,0x00000000f2180000)
  to   space 37376K, 0% used [0x00000000f4f80000,0x00000000f4f80000,0x00000000f7400000)
 ParOldGen       total 104448K, used 59830K [0x00000000a0000000, 0x00000000a6600000, 0x00000000e0000000)
  object space 104448K, 57% used [0x00000000a0000000,0x00000000a3a6da10,0x00000000a6600000)
 Metaspace       used 82963K, capacity 87418K, committed 87512K, reserved 1124352K
  class space    used 10673K, capacity 11697K, committed 11776K, reserved 1048576K
}
Event: 1864.483 GC heap before
{Heap before GC invocations=23 (full 3):
 PSYoungGen      total 296448K, used 295124K [0x00000000e0000000, 0x00000000f7400000, 0x0000000100000000)
  eden space 263680K, 100% used [0x00000000e0000000,0x00000000f0180000,0x00000000f0180000)
  from space 32768K, 95% used [0x00000000f0180000,0x00000000f2035030,0x00000000f2180000)
  to   space 37376K, 0% used [0x00000000f4f80000,0x00000000f4f80000,0x00000000f7400000)
 ParOldGen       total 104448K, used 59830K [0x00000000a0000000, 0x00000000a6600000, 0x00000000e0000000)
  object space 104448K, 57% used [0x00000000a0000000,0x00000000a3a6da10,0x00000000a6600000)
 Metaspace       used 85108K, capacity 89766K, committed 90072K, reserved 1128448K
  class space    used 10906K, capacity 11977K, committed 12032K, reserved 1048576K
Event: 1864.546 GC heap after
Heap after GC invocations=23 (full 3):
 PSYoungGen      total 286208K, used 33113K [0x00000000e0000000, 0x00000000f7000000, 0x0000000100000000)
  eden space 252928K, 0% used [0x00000000e0000000,0x00000000e0000000,0x00000000ef700000)
  from space 33280K, 99% used [0x00000000f4f80000,0x00000000f6fd64c0,0x00000000f7000000)
  to   space 41472K, 0% used [0x00000000f1f00000,0x00000000f1f00000,0x00000000f4780000)
 ParOldGen       total 104448K, used 59830K [0x00000000a0000000, 0x00000000a6600000, 0x00000000e0000000)
  object space 104448K, 57% used [0x00000000a0000000,0x00000000a3a6da10,0x00000000a6600000)
 Metaspace       used 85108K, capacity 89766K, committed 90072K, reserved 1128448K
  class space    used 10906K, capacity 11977K, committed 12032K, reserved 1048576K
}
Event: 3125.252 GC heap before
{Heap before GC invocations=24 (full 3):
 PSYoungGen      total 286208K, used 286041K [0x00000000e0000000, 0x00000000f7000000, 0x0000000100000000)
  eden space 252928K, 100% used [0x00000000e0000000,0x00000000ef700000,0x00000000ef700000)
  from space 33280K, 99% used [0x00000000f4f80000,0x00000000f6fd64c0,0x00000000f7000000)
  to   space 41472K, 0% used [0x00000000f1f00000,0x00000000f1f00000,0x00000000f4780000)
 ParOldGen       total 104448K, used 59830K [0x00000000a0000000, 0x00000000a6600000, 0x00000000e0000000)
  object space 104448K, 57% used [0x00000000a0000000,0x00000000a3a6da10,0x00000000a6600000)
 Metaspace       used 86129K, capacity 91338K, committed 91608K, reserved 1128448K
  class space    used 11034K, capacity 12198K, committed 12288K, reserved 1048576K
Event: 3132.175 GC heap after
Heap after GC invocations=24 (full 3):
 PSYoungGen      total 269312K, used 26269K [0x00000000e0000000, 0x00000000f5000000, 0x0000000100000000)
  eden space 242688K, 0% used [0x00000000e0000000,0x00000000e0000000,0x00000000eed00000)
  from space 26624K, 98% used [0x00000000f1f00000,0x00000000f38a75d0,0x00000000f3900000)
  to   space 23552K, 0% used [0x00000000f3900000,0x00000000f3900000,0x00000000f5000000)
 ParOldGen       total 104448K, used 59838K [0x00000000a0000000, 0x00000000a6600000, 0x00000000e0000000)
  object space 104448K, 57% used [0x00000000a0000000,0x00000000a3a6fa10,0x00000000a6600000)
 Metaspace       used 86129K, capacity 91338K, committed 91608K, reserved 1128448K
  class space    used 11034K, capacity 12198K, committed 12288K, reserved 1048576K
}

